<?xml version="1.0" encoding="UTF-8"?>
<!-- Generated by org.testng.reporters.JUnitXMLReporter -->
<testsuite ignored="0" hostname="Arijeet" failures="0" tests="1" name="Test-Runner-2" time="9.493" errors="0" timestamp="2025-05-03T17:37:34 IST">
  <testcase classname="InventoryTests.AddLowestPriceProductToCartTest" name="tc_02_AddLowestPriceProductToCartTest" time="2.803"/>
</testsuite> <!-- Test-Runner-2 -->
