<?xml version="1.0" encoding="UTF-8"?>
<!-- Generated by org.testng.reporters.JUnitXMLReporter -->
<testsuite ignored="0" hostname="Arijeet" failures="0" tests="1" name="Test-Runner-1" time="8.285" errors="0" timestamp="2025-05-03T17:37:33 IST">
  <testcase classname="InventoryTests.AddProductToCartTest" name="tc_01_AddProductToCartTest" time="0.696"/>
</testsuite> <!-- Test-Runner-1 -->
