<?xml version="1.0" encoding="UTF-8"?>
<!-- Generated by org.testng.reporters.JUnitXMLReporter -->
<testsuite ignored="0" hostname="Arijeet" failures="0" tests="1" name="Test-Runner-Edge" time="6.788" errors="0" timestamp="2025-05-14T17:47:45 IST">
  <testcase classname="InventoryTests.AddLowestPriceProductToCartTest" name="tc_02_AddLowestPriceProductToCartTest" time="0.0">
    <skipped/>
  </testcase> <!-- tc_02_AddLowestPriceProductToCartTest -->
</testsuite> <!-- Test-Runner-Edge -->
