<?xml version="1.0" encoding="UTF-8"?>
<!-- Generated by org.testng.reporters.JUnitReportReporter -->
<testsuite hostname="Arijeet" failures="0" tests="3" name="Practice.DataProviderPractice" time="0.017" errors="0" timestamp="2025-05-02T16:46:19 IST" skipped="0">
  <testcase classname="Practice.DataProviderPractice" name="createEmployeeDetails" time="0.001"/>
  <testcase classname="Practice.DataProviderPractice" name="createEmployeeDetails" time="0.001"/>
  <testcase classname="Practice.DataProviderPractice" name="createEmployeeDetails" time="0.015"/>
</testsuite> <!-- Practice.DataProviderPractice -->
