<?xml version="1.0" encoding="UTF-8"?>
<!-- Generated by org.testng.reporters.JUnitReportReporter -->
<testsuite hostname="Arijeet" failures="0" tests="3" name="Practice.dataProvider" time="0.031" errors="0" timestamp="2025-04-28T17:48:45 IST" skipped="0">
  <testcase classname="Practice.dataProvider" name="createEmployeeDetails" time="0.002"/>
  <testcase classname="Practice.dataProvider" name="createEmployeeDetails" time="0.026"/>
  <testcase classname="Practice.dataProvider" name="createEmployeeDetails" time="0.003"/>
</testsuite> <!-- Practice.dataProvider -->
