<?xml version="1.0" encoding="UTF-8"?>
<!-- Generated by org.testng.reporters.JUnitReportReporter -->
<testsuite hostname="Arijeet" failures="0" tests="2" name="InventoryTests.AddProductToCartTest" time="1.922" errors="0" timestamp="2025-05-20T17:39:43 IST" skipped="0">
  <testcase classname="InventoryTests.AddProductToCartTest" name="SampleTest" time="0.656"/>
  <testcase classname="InventoryTests.AddProductToCartTest" name="tc_01_AddProductToCartTest" time="1.266"/>
</testsuite> <!-- InventoryTests.AddProductToCartTest -->
