<?xml version="1.0" encoding="UTF-8"?>
<!-- Generated by org.testng.reporters.JUnitReportReporter -->
<testsuite hostname="Arijeet" failures="0" tests="1" name="InventoryTests.AddLowestPriceProductToCartTest" time="1.000" errors="0" timestamp="2025-05-20T17:39:43 IST" skipped="0">
  <testcase classname="InventoryTests.AddLowestPriceProductToCartTest" name="tc_02_AddLowestPriceProductToCartTest" time="1.000"/>
</testsuite> <!-- InventoryTests.AddLowestPriceProductToCartTest -->
