<?xml version="1.0" encoding="UTF-8"?>
<!-- Generated by org.testng.reporters.JUnitReportReporter -->
<testsuite hostname="Arijeet" failures="0" tests="1" name="Practice.SampleJDBC" time="0.706" errors="0" timestamp="2025-05-24T11:28:21 IST" skipped="0">
  <testcase classname="Practice.SampleJDBC" name="executeQueryJDBC" time="0.706"/>
</testsuite> <!-- Practice.SampleJDBC -->
